
[GET_COMPONENTS] New request
  models=None
  entity_types=None
  entity_guids=None
  component_types=None
  Found 8556 total components
  Returning 9 models

[GET_COMPONENTS] New request
  models=['HelloWall']
  entity_types=None
  entity_guids=None
  component_types=None
  -> Branch 3: query filters (models OR entity_types OR entity_guids)
     search_models=['HelloWall']
     Calling _expand_entity_types_for_models(None, ['HelloWall'])
     expanded_types={}
     Model HelloWall: calling get_component_guids with entity_types=None
     Model HelloWall: found 61 guids
  Found 61 total components
  Returning 1 models

[GET_COMPONENTS] New request
  models=['HelloWall']
  entity_types=None
  entity_guids=None
  component_types=None
  -> Branch 3: query filters (models OR entity_types OR entity_guids)
     search_models=['HelloWall']
     Calling _expand_entity_types_for_models(None, ['HelloWall'])
     expanded_types={}
     Model HelloWall: calling get_component_guids with entity_types=None
     Model HelloWall: found 61 guids
  Found 61 total components
  Returning 1 models

[GET_COMPONENTS] New request
  models=['HelloWall']
  entity_types=None
  entity_guids=None
  component_types=None
  -> Branch 3: query filters (models OR entity_types OR entity_guids)
     search_models=['HelloWall']
     Calling _expand_entity_types_for_models(None, ['HelloWall'])
     expanded_types={}
     Model HelloWall: calling get_component_guids with entity_types=None
     Model HelloWall: found 61 guids
  Found 61 total components
  Returning 1 models

[GET_COMPONENTS] New request
  models=['HelloWall']
  entity_types=None
  entity_guids=None
  component_types=None
  -> Branch 3: query filters (models OR entity_types OR entity_guids)
     search_models=['HelloWall']
     Calling _expand_entity_types_for_models(None, ['HelloWall'])
     expanded_types={}
     Model HelloWall: calling get_component_guids with entity_types=None
     Model HelloWall: found 61 guids
  Found 61 total components
  Returning 1 models

[GET_COMPONENTS] New request
  models=['HelloWall']
  entity_types=None
  entity_guids=None
  component_types=None
  -> Branch 3: query filters (models OR entity_types OR entity_guids)
     search_models=['HelloWall']
     Calling _expand_entity_types_for_models(None, ['HelloWall'])
     expanded_types={}
     Model HelloWall: calling get_component_guids with entity_types=None
     Model HelloWall: found 61 guids
  Found 61 total components
  Returning 1 models

[GET_COMPONENTS] New request
  models=['HelloWall']
  entity_types=None
  entity_guids=None
  component_types=None
  -> Branch 3: query filters (models OR entity_types OR entity_guids)
     search_models=['HelloWall']
     Calling _expand_entity_types_for_models(None, ['HelloWall'])
     expanded_types={}
     Model HelloWall: calling get_component_guids with entity_types=None
     Model HelloWall: found 61 guids
  Found 61 total components
  Returning 1 models

[GET_COMPONENTS] New request
  models=['HelloWall']
  entity_types=None
  entity_guids=None
  component_types=None
  -> Branch 3: query filters (models OR entity_types OR entity_guids)
     search_models=['HelloWall']
     Calling _expand_entity_types_for_models(None, ['HelloWall'])
     expanded_types={}
     Model HelloWall: calling get_component_guids with entity_types=None
     Model HelloWall: found 61 guids
  Found 61 total components
  Returning 1 models

[GET_COMPONENTS] New request
  models=['HelloWall']
  entity_types=None
  entity_guids=None
  component_types=None
  -> Branch 3: query filters (models OR entity_types OR entity_guids)
     search_models=['HelloWall']
     Calling _expand_entity_types_for_models(None, ['HelloWall'])
     expanded_types={}
     Model HelloWall: calling get_component_guids with entity_types=None
     Model HelloWall: found 61 guids
  Found 61 total components
  Returning 1 models

[GET_COMPONENTS] New request
  models=['HelloWall']
  entity_types=None
  entity_guids=None
  component_types=None
  -> Branch 3: query filters (models OR entity_types OR entity_guids)
     search_models=['HelloWall']
     Calling _expand_entity_types_for_models(None, ['HelloWall'])
     expanded_types={}
     Model HelloWall: calling get_component_guids with entity_types=None
     Model HelloWall: found 61 guids
  Found 61 total components
  Returning 1 models

[GET_COMPONENTS] New request
  models=None
  entity_types=None
  entity_guids=None
  component_types=None
  Found 8556 total components
  Returning 9 models

[GET_COMPONENTS] New request
  models=['HelloWall']
  entity_types=None
  entity_guids=None
  component_types=None
  -> Branch 3: query filters (models OR entity_types OR entity_guids)
     search_models=['HelloWall']
     Calling _expand_entity_types_for_models(None, ['HelloWall'])
     expanded_types={}
     Model HelloWall: calling get_component_guids with entity_types=None
     Model HelloWall: found 61 guids
  Found 61 total components
  Returning 1 models

[GET_COMPONENTS] New request
  models=['HelloWall']
  entity_types=None
  entity_guids=None
  component_types=None
  -> Branch 3: query filters (models OR entity_types OR entity_guids)
     search_models=['HelloWall']
     Calling _expand_entity_types_for_models(None, ['HelloWall'])
     expanded_types={}
     Model HelloWall: calling get_component_guids with entity_types=None
     Model HelloWall: found 61 guids
  Found 61 total components
  Returning 1 models

[GET_COMPONENTS] New request
  models=['HelloWall']
  entity_types=None
  entity_guids=None
  component_types=None
  -> Branch 3: query filters (models OR entity_types OR entity_guids)
     search_models=['HelloWall']
     Calling _expand_entity_types_for_models(None, ['HelloWall'])
     expanded_types={}
     Model HelloWall: calling get_component_guids with entity_types=None
     Model HelloWall: found 61 guids
  Found 61 total components
  Returning 1 models

[GET_COMPONENTS] New request
  models=['HelloWall']
  entity_types=None
  entity_guids=None
  component_types=None
  -> Branch 3: query filters (models OR entity_types OR entity_guids)
     search_models=['HelloWall']
     Calling _expand_entity_types_for_models(None, ['HelloWall'])
     expanded_types={}
     Model HelloWall: calling get_component_guids with entity_types=None
     Model HelloWall: found 61 guids
  Found 61 total components
  Returning 1 models

[GET_COMPONENTS] New request
  models=['HelloWall']
  entity_types=None
  entity_guids=None
  component_types=None
  -> Branch 3: query filters (models OR entity_types OR entity_guids)
     search_models=['HelloWall']
     Calling _expand_entity_types_for_models(None, ['HelloWall'])
     expanded_types={}
     Model HelloWall: calling get_component_guids with entity_types=None
     Model HelloWall: found 61 guids
  Found 61 total components
  Returning 1 models

[GET_COMPONENTS] New request
  models=['HelloWall']
  entity_types=None
  entity_guids=None
  component_types=None
  -> Branch 3: query filters (models OR entity_types OR entity_guids)
     search_models=['HelloWall']
     Calling _expand_entity_types_for_models(None, ['HelloWall'])
     expanded_types={}
     Model HelloWall: calling get_component_guids with entity_types=None
     Model HelloWall: found 61 guids
  Found 61 total components
  Returning 1 models

[GET_COMPONENTS] New request
  models=['HelloWall']
  entity_types=None
  entity_guids=None
  component_types=None
  -> Branch 3: query filters (models OR entity_types OR entity_guids)
     search_models=['HelloWall']
     Calling _expand_entity_types_for_models(None, ['HelloWall'])
     expanded_types={}
     Model HelloWall: calling get_component_guids with entity_types=None
     Model HelloWall: found 61 guids
  Found 61 total components
  Returning 1 models

[GET_COMPONENTS] New request
  models=['HelloWall']
  entity_types=None
  entity_guids=None
  component_types=None
  -> Branch 3: query filters (models OR entity_types OR entity_guids)
     search_models=['HelloWall']
     Calling _expand_entity_types_for_models(None, ['HelloWall'])
     expanded_types={}
     Model HelloWall: calling get_component_guids with entity_types=None
     Model HelloWall: found 61 guids
  Found 61 total components
  Returning 1 models

[GET_COMPONENTS] New request
  models=['HelloWall']
  entity_types=None
  entity_guids=None
  component_types=None
  -> Branch 3: query filters (models OR entity_types OR entity_guids)
     search_models=['HelloWall']
     Calling _expand_entity_types_for_models(None, ['HelloWall'])
     expanded_types={}
     Model HelloWall: calling get_component_guids with entity_types=None
     Model HelloWall: found 61 guids
  Found 61 total components
  Returning 1 models

[GET_COMPONENTS] New request

[GET_COMPONENTS] New request
  models=['HelloWall']
  entity_types=None
  entity_guids=None
  component_types=None
  -> Branch 3: query filters (models OR entity_types OR entity_guids)
     search_models=['HelloWall']
     Calling _expand_entity_types_for_models(None, ['HelloWall'])
     expanded_types={}
     Model HelloWall: calling get_component_guids with entity_types=None
     Model HelloWall: found 61 guids
  Found 61 total components
  Returning 1 models

[GET_COMPONENTS] New request

[GET_COMPONENTS] New request

[GET_COMPONENTS] New request

[GET_COMPONENTS] New request
  models=['HelloWall']
  entity_types=None
  entity_guids=None
  component_types=None
  -> Branch 3: query filters (models OR entity_types OR entity_guids)
     search_models=['HelloWall']
     Calling _expand_entity_types_for_models(None, ['HelloWall'])
     expanded_types={}
     Model HelloWall: calling get_component_guids with entity_types=None
     Model HelloWall: found 61 guids
  Found 61 total components
  Returning 1 models

[GET_COMPONENTS] New request
  models=['HelloWall']
  entity_types=None
  entity_guids=None
  component_types=None
  -> Branch 3: query filters (models OR entity_types OR entity_guids)
     search_models=['HelloWall']
     Calling _expand_entity_types_for_models(None, ['HelloWall'])
     expanded_types={}
     Model HelloWall: calling get_component_guids with entity_types=None
     Model HelloWall: found 61 guids
  Found 61 total components
  Returning 1 models
  models=['HelloWall']
  entity_types=None
  entity_guids=None
  component_types=None
  -> Branch 3: query filters (models OR entity_types OR entity_guids)
     search_models=['HelloWall']
     Calling _expand_entity_types_for_models(None, ['HelloWall'])
     expanded_types={}
     Model HelloWall: calling get_component_guids with entity_types=None
     Model HelloWall: found 61 guids
  Found 61 total components
  Returning 1 models

[GET_COMPONENTS] New request
  models=['HelloWall']
  entity_types=None
  entity_guids=None
  component_types=None
  -> Branch 3: query filters (models OR entity_types OR entity_guids)
     search_models=['HelloWall']
     Calling _expand_entity_types_for_models(None, ['HelloWall'])
     expanded_types={}
     Model HelloWall: calling get_component_guids with entity_types=None
     Model HelloWall: found 61 guids
  Found 61 total components
  Returning 1 models

[GET_COMPONENTS] New request
  models=['HelloWall']
  entity_types=None
  entity_guids=None
  component_types=None
  -> Branch 3: query filters (models OR entity_types OR entity_guids)
     search_models=['HelloWall']
     Calling _expand_entity_types_for_models(None, ['HelloWall'])
     expanded_types={}
     Model HelloWall: calling get_component_guids with entity_types=None
     Model HelloWall: found 61 guids
  Found 61 total components
  Returning 1 models

[GET_COMPONENTS] New request

[GET_COMPONENTS] New request
  models=['HelloWall']
  entity_types=None
  entity_guids=None
  component_types=None
  -> Branch 3: query filters (models OR entity_types OR entity_guids)
     search_models=['HelloWall']
     Calling _expand_entity_types_for_models(None, ['HelloWall'])
     expanded_types={}
     Model HelloWall: calling get_component_guids with entity_types=None
     Model HelloWall: found 61 guids
  Found 61 total components
  Returning 1 models
  models=['HelloWall']
  entity_types=None
  entity_guids=None
  component_types=None
  -> Branch 3: query filters (models OR entity_types OR entity_guids)
     search_models=['HelloWall']
     Calling _expand_entity_types_for_models(None, ['HelloWall'])
     expanded_types={}
     Model HelloWall: calling get_component_guids with entity_types=None
     Model HelloWall: found 51 guids
  Found 51 total components
  Returning 1 models

[GET_COMPONENTS] New request
  models=['HelloWall']
  entity_types=None
  entity_guids=None
  component_types=None
  -> Branch 3: query filters (models OR entity_types OR entity_guids)
     search_models=['HelloWall']
     Calling _expand_entity_types_for_models(None, ['HelloWall'])
     expanded_types={}
     Model HelloWall: calling get_component_guids with entity_types=None
     Model HelloWall: found 51 guids
  Found 51 total components
  Returning 1 models

[GET_COMPONENTS] New request
  models=['HelloWall']
  entity_types=None
  entity_guids=None
  component_types=None
  -> Branch 3: query filters (models OR entity_types OR entity_guids)
     search_models=['HelloWall']
     Calling _expand_entity_types_for_models(None, ['HelloWall'])
     expanded_types={}
     Model HelloWall: calling get_component_guids with entity_types=None
     Model HelloWall: found 61 guids
  Found 61 total components
  Returning 1 models

[GET_COMPONENTS] New request
  models=['HelloWall']
  entity_types=None
  entity_guids=None
  component_types=None
  -> Branch 3: query filters (models OR entity_types OR entity_guids)
     search_models=['HelloWall']
     Calling _expand_entity_types_for_models(None, ['HelloWall'])
     expanded_types={}
     Model HelloWall: calling get_component_guids with entity_types=None
     Model HelloWall: found 61 guids
  Found 61 total components
  Returning 1 models

[GET_COMPONENTS] New request
  models=['HelloWall']
  entity_types=None
  entity_guids=None
  component_types=None
  -> Branch 3: query filters (models OR entity_types OR entity_guids)
     search_models=['HelloWall']
     Calling _expand_entity_types_for_models(None, ['HelloWall'])
     expanded_types={}
     Model HelloWall: calling get_component_guids with entity_types=None
     Model HelloWall: found 51 guids
  Found 51 total components
  Returning 1 models

[GET_COMPONENTS] New request

[GET_COMPONENTS] New request
  models=['HelloWall']
  entity_types=None
  entity_guids=None
  component_types=None
  -> Branch 3: query filters (models OR entity_types OR entity_guids)
     search_models=['HelloWall']
     Calling _expand_entity_types_for_models(None, ['HelloWall'])
     expanded_types={}
     Model HelloWall: calling get_component_guids with entity_types=None
     Model HelloWall: found 51 guids
  Found 51 total components
  Returning 1 models

[GET_COMPONENTS] New request
  models=['HelloWall']
  entity_types=None
  entity_guids=None
  component_types=None
  -> Branch 3: query filters (models OR entity_types OR entity_guids)
     search_models=['HelloWall']
     Calling _expand_entity_types_for_models(None, ['HelloWall'])
     expanded_types={}
     Model HelloWall: calling get_component_guids with entity_types=None
     Model HelloWall: found 37 guids
  Found 37 total components
  Returning 1 models
  models=['HelloWall']
  entity_types=None
  entity_guids=None
  component_types=None
  -> Branch 3: query filters (models OR entity_types OR entity_guids)
     search_models=['HelloWall']
     Calling _expand_entity_types_for_models(None, ['HelloWall'])
     expanded_types={}
     Model HelloWall: calling get_component_guids with entity_types=None
     Model HelloWall: found 37 guids
  Found 37 total components
  Returning 1 models

[GET_COMPONENTS] New request
  models=['HelloWall']
  entity_types=None
  entity_guids=None
  component_types=None
  -> Branch 3: query filters (models OR entity_types OR entity_guids)
     search_models=['HelloWall']
     Calling _expand_entity_types_for_models(None, ['HelloWall'])
     expanded_types={}
     Model HelloWall: calling get_component_guids with entity_types=None
     Model HelloWall: found 61 guids
  Found 61 total components
  Returning 1 models
